Using pre-set license
Built from '2023.1/staging' branch; Version is '2023.1.2f1 (e348e726afe7) revision 14895335'; Using compiler version '192829333'; Build Type 'Release'
OS: 'Windows 11  (10.0.22631) 64bit Core' Language: 'en' Physical Memory: 9937 MB
BatchMode: 1, IsHumanControllingUs: 0, StartBugReporterOnCrash: 0, Is64bit: 1, IsPro: 1

COMMAND LINE ARGUMENTS:
C:\Program Files\Unity\Hub\Editor\2023.1.2f1\Editor\Unity.exe
-adb2
-batchMode
-noUpm
-name
AssetImportWorker2
-projectPath
C:/Users/pokim/Documents/GitHub/Procedural_dungeon/Procedural Dungeon
-logFile
Logs/AssetImportWorker2.log
-srvPort
61866
Successfully changed project path to: C:/Users/pokim/Documents/GitHub/Procedural_dungeon/Procedural Dungeon
C:/Users/pokim/Documents/GitHub/Procedural_dungeon/Procedural Dungeon
[UnityMemory] Configuration Parameters - Can be set up in boot.config
    "memorysetup-bucket-allocator-granularity=16"
    "memorysetup-bucket-allocator-bucket-count=8"
    "memorysetup-bucket-allocator-block-size=33554432"
    "memorysetup-bucket-allocator-block-count=8"
    "memorysetup-main-allocator-block-size=16777216"
    "memorysetup-thread-allocator-block-size=16777216"
    "memorysetup-gfx-main-allocator-block-size=16777216"
    "memorysetup-gfx-thread-allocator-block-size=16777216"
    "memorysetup-cache-allocator-block-size=4194304"
    "memorysetup-typetree-allocator-block-size=2097152"
    "memorysetup-profiler-bucket-allocator-granularity=16"
    "memorysetup-profiler-bucket-allocator-bucket-count=8"
    "memorysetup-profiler-bucket-allocator-block-size=33554432"
    "memorysetup-profiler-bucket-allocator-block-count=8"
    "memorysetup-profiler-allocator-block-size=16777216"
    "memorysetup-profiler-editor-allocator-block-size=1048576"
    "memorysetup-temp-allocator-size-main=16777216"
    "memorysetup-job-temp-allocator-block-size=2097152"
    "memorysetup-job-temp-allocator-block-size-background=1048576"
    "memorysetup-job-temp-allocator-reduction-small-platforms=262144"
    "memorysetup-allocator-temp-initial-block-size-main=262144"
    "memorysetup-allocator-temp-initial-block-size-worker=262144"
    "memorysetup-temp-allocator-size-background-worker=32768"
    "memorysetup-temp-allocator-size-job-worker=262144"
    "memorysetup-temp-allocator-size-preload-manager=33554432"
    "memorysetup-temp-allocator-size-nav-mesh-worker=65536"
    "memorysetup-temp-allocator-size-audio-worker=65536"
    "memorysetup-temp-allocator-size-cloud-worker=32768"
    "memorysetup-temp-allocator-size-gi-baking-worker=262144"
    "memorysetup-temp-allocator-size-gfx=262144"
Player connection [25392] Host "[IP] 192.168.0.186 [Port] 0 [Flags] 2 [Guid] 727815941 [EditorId] 727815941 [Version] 1048832 [Id] WindowsEditor(7,RogAlly) [Debug] 1 [PackageName] WindowsEditor [ProjectName] Editor" joined multi-casting on [225.0.0.222:54997]...

Player connection [25392] Host "[IP] 192.168.0.186 [Port] 0 [Flags] 2 [Guid] 727815941 [EditorId] 727815941 [Version] 1048832 [Id] WindowsEditor(7,RogAlly) [Debug] 1 [PackageName] WindowsEditor [ProjectName] Editor" joined alternative multi-casting on [225.0.0.222:34997]...

Library Redirect Path: Library/Refreshing native plugins compatible for Editor in 6.07 ms, found 3 plugins.
Preloading 0 native plugins for Editor in 0.00 ms.
Initialize engine version: 2023.1.2f1 (e348e726afe7)
[Subsystems] Discovering subsystems at path C:/Program Files/Unity/Hub/Editor/2023.1.2f1/Editor/Data/Resources/UnitySubsystems
[Subsystems] Discovering subsystems at path C:/Users/pokim/Documents/GitHub/Procedural_dungeon/Procedural Dungeon/Assets
GfxDevice: creating device client; threaded=0; jobified=0
Direct3D:
    Version:  Direct3D 11.0 [level 11.1]
    Renderer: AMD Radeon Graphics (ID=0x15bf)
    Vendor:   ATI
    VRAM:     4968 MB
    Driver:   31.0.22023.6003
Initialize mono
Mono path[0] = 'C:/Program Files/Unity/Hub/Editor/2023.1.2f1/Editor/Data/Managed'
Mono path[1] = 'C:/Program Files/Unity/Hub/Editor/2023.1.2f1/Editor/Data/MonoBleedingEdge/lib/mono/unityjit-win32'
Mono config path = 'C:/Program Files/Unity/Hub/Editor/2023.1.2f1/Editor/Data/MonoBleedingEdge/etc'
Using monoOptions --debugger-agent=transport=dt_socket,embedding=1,server=y,suspend=n,address=127.0.0.1:56084
Begin MonoManager ReloadAssembly
C:\build\output\Unity-Technologies\mono\mono\metadata\icall.c:1842:
C:\build\output\Unity-Technologies\mono\mono\metadata\icall.c:1842:
C:\build\output\Unity-Technologies\mono\mono\metadata\icall.c:1842:
C:\build\output\Unity-Technologies\mono\mono\metadata\icall.c:1842:
C:\build\output\Unity-Technologies\mono\mono\metadata\icall.c:1842:
C:\build\output\Unity-Technologies\mono\mono\metadata\icall.c:1842:
C:\build\output\Unity-Technologies\mono\mono\metadata\icall.c:1842:
C:\build\output\Unity-Technologies\mono\mono\metadata\icall.c:1842:
C:\build\output\Unity-Technologies\mono\mono\metadata\icall.c:1842:
C:\build\output\Unity-Technologies\mono\mono\metadata\icall.c:1842:
Registering precompiled unity dll's ...
Register platform support module: C:/Program Files/Unity/Hub/Editor/2023.1.2f1/Editor/Data/PlaybackEngines/WindowsStandaloneSupport/UnityEditor.WindowsStandalone.Extensions.dll
Register platform support module: C:/Program Files/Unity/Hub/Editor/2023.1.2f1/Editor/Data/PlaybackEngines/AndroidPlayer/UnityEditor.Android.Extensions.dll
Registered in 0.003479 seconds.
- Loaded All Assemblies, in  0.347 seconds
Native extension for Android target not found
Android Extension - Scanning For ADB Devices 323 ms
Native extension for WindowsStandalone target not found
Mono: successfully reloaded assembly
C:\build\output\Unity-Technologies\mono\mono\metadata\icall.c:1842:
C:\build\output\Unity-Technologies\mono\mono\metadata\icall.c:1842:
- Finished resetting the current domain, in  0.671 seconds
Domain Reload Profiling: 1017ms
	BeginReloadAssembly (108ms)
		ExecutionOrderSort (0ms)
		DisableScriptedObjects (0ms)
		BackupInstance (0ms)
		ReleaseScriptingObjects (0ms)
		CreateAndSetChildDomain (1ms)
	RebuildCommonClasses (29ms)
	RebuildNativeTypeToScriptingClass (9ms)
	initialDomainReloadingComplete (45ms)
	LoadAllAssembliesAndSetupDomain (155ms)
		LoadAssemblies (106ms)
		RebuildTransferFunctionScriptingTraits (0ms)
		AnalyzeDomain (150ms)
			TypeCache.Refresh (149ms)
				TypeCache.ScanAssembly (138ms)
			ScanForSourceGeneratedMonoScriptInfo (1ms)
			ResolveRequiredComponents (0ms)
	FinalizeReload (672ms)
		ReleaseScriptCaches (0ms)
		RebuildScriptCaches (0ms)
		SetupLoadedEditorAssemblies (634ms)
			LogAssemblyErrors (0ms)
			InitializePlatformSupportModulesInManaged (430ms)
			SetLoadedEditorAssemblies (3ms)
			BeforeProcessingInitializeOnLoad (6ms)
			ProcessInitializeOnLoadAttributes (133ms)
			ProcessInitializeOnLoadMethodAttributes (62ms)
			AfterProcessingInitializeOnLoad (0ms)
			EditorAssembliesLoaded (0ms)
		ExecutionOrderSort2 (0ms)
		AwakeInstancesAfterBackupRestoration (0ms)
========================================================================
Worker process is ready to serve import requests
Import Worker Mode flag is 0x00
Begin MonoManager ReloadAssembly
C:\build\output\Unity-Technologies\mono\mono\metadata\icall.c:1842:
C:\build\output\Unity-Technologies\mono\mono\metadata\icall.c:1842:
C:\build\output\Unity-Technologies\mono\mono\metadata\icall.c:1842:
C:\build\output\Unity-Technologies\mono\mono\metadata\icall.c:1842:
C:\build\output\Unity-Technologies\mono\mono\metadata\icall.c:1842:
C:\build\output\Unity-Technologies\mono\mono\metadata\icall.c:1842:
C:\build\output\Unity-Technologies\mono\mono\metadata\icall.c:1842:
C:\build\output\Unity-Technologies\mono\mono\metadata\icall.c:1842:
C:\build\output\Unity-Technologies\mono\mono\metadata\icall.c:1842:
C:\build\output\Unity-Technologies\mono\mono\metadata\icall.c:1842:
C:\build\output\Unity-Technologies\mono\mono\metadata\icall.c:1842:
C:\build\output\Unity-Technologies\mono\mono\metadata\icall.c:1842:
Symbol file LoadedFromMemory doesn't match image C:\Users\pokim\Documents\GitHub\Procedural_dungeon\Procedural Dungeon\Library\PackageCache\com.unity.visualscripting@1.8.0\Editor\VisualScripting.Core\Dependencies\YamlDotNet\Unity.VisualScripting.YamlDotNet.dll
Symbol file LoadedFromMemory doesn't match image C:\Users\pokim\Documents\GitHub\Procedural_dungeon\Procedural Dungeon\Library\PackageCache\com.unity.visualscripting@1.8.0\Editor\VisualScripting.Core\Dependencies\DotNetZip\Unity.VisualScripting.IonicZip.dll
- Loaded All Assemblies, in  0.876 seconds
Refreshing native plugins compatible for Editor in 1.91 ms, found 3 plugins.
Native extension for Android target not found
Native extension for WindowsStandalone target not found
Mono: successfully reloaded assembly
- Finished resetting the current domain, in  0.632 seconds
Domain Reload Profiling: 1505ms
	BeginReloadAssembly (280ms)
		ExecutionOrderSort (0ms)
		DisableScriptedObjects (4ms)
		BackupInstance (0ms)
		ReleaseScriptingObjects (0ms)
		CreateAndSetChildDomain (40ms)
	RebuildCommonClasses (37ms)
	RebuildNativeTypeToScriptingClass (10ms)
	initialDomainReloadingComplete (38ms)
	LoadAllAssembliesAndSetupDomain (508ms)
		LoadAssemblies (301ms)
		RebuildTransferFunctionScriptingTraits (0ms)
		AnalyzeDomain (299ms)
			TypeCache.Refresh (281ms)
				TypeCache.ScanAssembly (266ms)
			ScanForSourceGeneratedMonoScriptInfo (13ms)
			ResolveRequiredComponents (4ms)
	FinalizeReload (633ms)
		ReleaseScriptCaches (0ms)
		RebuildScriptCaches (0ms)
		SetupLoadedEditorAssemblies (388ms)
			LogAssemblyErrors (0ms)
			InitializePlatformSupportModulesInManaged (23ms)
			SetLoadedEditorAssemblies (5ms)
			BeforeProcessingInitializeOnLoad (68ms)
			ProcessInitializeOnLoadAttributes (266ms)
			ProcessInitializeOnLoadMethodAttributes (22ms)
			AfterProcessingInitializeOnLoad (4ms)
			EditorAssembliesLoaded (0ms)
		ExecutionOrderSort2 (0ms)
		AwakeInstancesAfterBackupRestoration (6ms)
Launched and connected shader compiler UnityShaderCompiler.exe after 0.01 seconds
Refreshing native plugins compatible for Editor in 1.88 ms, found 3 plugins.
Preloading 0 native plugins for Editor in 0.00 ms.
Unloading 3118 Unused Serialized files (Serialized files now loaded: 0)
Unloading 31 unused Assets / (52.7 KB). Loaded Objects now: 3676.
Memory consumption went from 132.9 MB to 132.8 MB.
Total: 5.318600 ms (FindLiveObjects: 0.397100 ms CreateObjectMapping: 0.276800 ms MarkObjects: 4.511200 ms  DeleteObjects: 0.132200 ms)

AssetImportParameters requested are different than current active one (requested -> active):
  custom:video-decoder-webm-vp8: 9c59270c3fd7afecdb556c50c9e8de78 -> 
  custom:audio-encoder-webm-vorbis: bf7c407c2cedff20999df2af8eb42d56 -> 
  custom:AudioImporter_EditorPlatform: d09bf68614088b80899f8185d706f6e7 -> 
  custom:audio-decoder-ogg-vorbis: bf7c407c2cedff20999df2af8eb42d56 -> 
  custom:video-encoder-webm-vp8: eb34c28f22e8b96e1ab97ce403110664 -> 
  custom:container-demuxer-ogg: 62fdf1f143b41e24485cea50d1cbac27 -> 
  custom:framework-win-MediaFoundation: 216162199b28c13a410421893ffa2e32 -> 
  custom:video-decoder-ogg-theora: a1e56fd34408186e4bbccfd4996cb3dc -> 
  custom:container-muxer-webm: aa71ff27fc2769a1b78a27578f13a17b -> 
  custom:video-codec-MediaFoundation-h265: 746d11721c4dcdbdad8f713fa42b33f4 -> 
  custom:container-demuxer-webm: 4f35f7cbe854078d1ac9338744f61a02 -> 
========================================================================
Received Import Request.
  Time since last request: 439435.290091 seconds.
  path: Assets/Rooms/shortCorridor.prefab
  artifactKey: Guid(0c4ff901f9dc3b044b52259c83c4a344) Importer(815301076,1909f56bfc062723c751e8b465ee728b)
Start importing Assets/Rooms/shortCorridor.prefab using Guid(0c4ff901f9dc3b044b52259c83c4a344) Importer(815301076,1909f56bfc062723c751e8b465ee728b)  -> (artifact id: 'd6777ea9f43cc3f6f32e94d05bdfe46a') in 0.171976 seconds
Number of updated asset objects reloaded before import = 0
Number of asset objects unloaded after import = 27
========================================================================
Received Prepare
Refreshing native plugins compatible for Editor in 1.48 ms, found 3 plugins.
Preloading 0 native plugins for Editor in 0.00 ms.
Unloading 0 Unused Serialized files (Serialized files now loaded: 0)
Unloading 0 unused Assets / (0 B). Loaded Objects now: 3686.
Memory consumption went from 83.4 MB to 83.4 MB.
Total: 3.831900 ms (FindLiveObjects: 0.274600 ms CreateObjectMapping: 0.071700 ms MarkObjects: 3.479300 ms  DeleteObjects: 0.005300 ms)

Prepare: number of updated asset objects reloaded= 0
AssetImportParameters requested are different than current active one (requested -> active):
  custom:video-decoder-webm-vp8: 9c59270c3fd7afecdb556c50c9e8de78 -> 
  custom:audio-encoder-webm-vorbis: bf7c407c2cedff20999df2af8eb42d56 -> 
  custom:AudioImporter_EditorPlatform: d09bf68614088b80899f8185d706f6e7 -> 
  custom:audio-decoder-ogg-vorbis: bf7c407c2cedff20999df2af8eb42d56 -> 
  custom:video-encoder-webm-vp8: eb34c28f22e8b96e1ab97ce403110664 -> 
  custom:container-demuxer-ogg: 62fdf1f143b41e24485cea50d1cbac27 -> 
  custom:framework-win-MediaFoundation: 216162199b28c13a410421893ffa2e32 -> 
  custom:video-decoder-ogg-theora: a1e56fd34408186e4bbccfd4996cb3dc -> 
  custom:container-muxer-webm: aa71ff27fc2769a1b78a27578f13a17b -> 
  custom:video-codec-MediaFoundation-h265: 746d11721c4dcdbdad8f713fa42b33f4 -> 
  custom:CustomObjectIndexerAttribute: 756ad292c208cfabdd7b50bc23989ffe -> 
  custom:container-demuxer-webm: 4f35f7cbe854078d1ac9338744f61a02 -> 
========================================================================
Received Import Request.
  Time since last request: 15.412475 seconds.
  path: Assets/Rooms/deadEndSRoom.prefab
  artifactKey: Guid(d7cec99ebf7f4b146a83674bd0a7cd0b) Importer(815301076,1909f56bfc062723c751e8b465ee728b)
Start importing Assets/Rooms/deadEndSRoom.prefab using Guid(d7cec99ebf7f4b146a83674bd0a7cd0b) Importer(815301076,1909f56bfc062723c751e8b465ee728b)  -> (artifact id: 'df6b039a54368684e85b8db3419844d0') in 0.016633 seconds
Number of updated asset objects reloaded before import = 0
Number of asset objects unloaded after import = 52
========================================================================
Received Import Request.
  Time since last request: 4.786281 seconds.
  path: Assets/Rooms/deadEndSRoom.prefab
  artifactKey: Guid(d7cec99ebf7f4b146a83674bd0a7cd0b) Importer(815301076,1909f56bfc062723c751e8b465ee728b)
Start importing Assets/Rooms/deadEndSRoom.prefab using Guid(d7cec99ebf7f4b146a83674bd0a7cd0b) Importer(815301076,1909f56bfc062723c751e8b465ee728b)  -> (artifact id: '4886e7b75ad0db3df5d0ea0483933d69') in 0.014973 seconds
Number of updated asset objects reloaded before import = 0
Number of asset objects unloaded after import = 52
========================================================================
Received Import Request.
  Time since last request: 5.037879 seconds.
  path: Assets/Rooms/deadEndSRoom.prefab
  artifactKey: Guid(d7cec99ebf7f4b146a83674bd0a7cd0b) Importer(815301076,1909f56bfc062723c751e8b465ee728b)
Start importing Assets/Rooms/deadEndSRoom.prefab using Guid(d7cec99ebf7f4b146a83674bd0a7cd0b) Importer(815301076,1909f56bfc062723c751e8b465ee728b)  -> (artifact id: 'bd77c990aa1a5bbbae3e679edba6ec82') in 0.016618 seconds
Number of updated asset objects reloaded before import = 0
Number of asset objects unloaded after import = 52
========================================================================
Received Import Request.
  Time since last request: 2.815145 seconds.
  path: Assets/Rooms/deadEndSRoom.prefab
  artifactKey: Guid(d7cec99ebf7f4b146a83674bd0a7cd0b) Importer(815301076,1909f56bfc062723c751e8b465ee728b)
Start importing Assets/Rooms/deadEndSRoom.prefab using Guid(d7cec99ebf7f4b146a83674bd0a7cd0b) Importer(815301076,1909f56bfc062723c751e8b465ee728b)  -> (artifact id: 'a8f932af56416627fed95686c0e46ebe') in 0.015214 seconds
Number of updated asset objects reloaded before import = 0
Number of asset objects unloaded after import = 52
========================================================================
Received Import Request.
  Time since last request: 6.235668 seconds.
  path: Assets/Rooms/deadEndSRoom.prefab
  artifactKey: Guid(d7cec99ebf7f4b146a83674bd0a7cd0b) Importer(815301076,1909f56bfc062723c751e8b465ee728b)
Start importing Assets/Rooms/deadEndSRoom.prefab using Guid(d7cec99ebf7f4b146a83674bd0a7cd0b) Importer(815301076,1909f56bfc062723c751e8b465ee728b)  -> (artifact id: '7005588e144b089d0e5b3623650fbefd') in 0.014510 seconds
Number of updated asset objects reloaded before import = 0
Number of asset objects unloaded after import = 52
========================================================================
Received Import Request.
  Time since last request: 5.828448 seconds.
  path: Assets/Rooms/deadEndSRoom.prefab
  artifactKey: Guid(d7cec99ebf7f4b146a83674bd0a7cd0b) Importer(815301076,1909f56bfc062723c751e8b465ee728b)
Start importing Assets/Rooms/deadEndSRoom.prefab using Guid(d7cec99ebf7f4b146a83674bd0a7cd0b) Importer(815301076,1909f56bfc062723c751e8b465ee728b)  -> (artifact id: '0175c5d967bf12066257f08b34ac0ddb') in 0.013958 seconds
Number of updated asset objects reloaded before import = 0
Number of asset objects unloaded after import = 52
========================================================================
Received Import Request.
  Time since last request: 0.998935 seconds.
  path: Assets/Rooms/deadEndSRoom.prefab
  artifactKey: Guid(d7cec99ebf7f4b146a83674bd0a7cd0b) Importer(815301076,1909f56bfc062723c751e8b465ee728b)
Start importing Assets/Rooms/deadEndSRoom.prefab using Guid(d7cec99ebf7f4b146a83674bd0a7cd0b) Importer(815301076,1909f56bfc062723c751e8b465ee728b)  -> (artifact id: 'ef96cc4f84becde69e622df90eff13ee') in 0.014161 seconds
Number of updated asset objects reloaded before import = 0
Number of asset objects unloaded after import = 52
========================================================================
Received Import Request.
  Time since last request: 1.798115 seconds.
  path: Assets/Rooms/deadEndSRoom.prefab
  artifactKey: Guid(d7cec99ebf7f4b146a83674bd0a7cd0b) Importer(815301076,1909f56bfc062723c751e8b465ee728b)
Start importing Assets/Rooms/deadEndSRoom.prefab using Guid(d7cec99ebf7f4b146a83674bd0a7cd0b) Importer(815301076,1909f56bfc062723c751e8b465ee728b)  -> (artifact id: '25e5a48ac3f111654215998b3bcc6567') in 0.010106 seconds
Number of updated asset objects reloaded before import = 0
Number of asset objects unloaded after import = 52
========================================================================
Received Import Request.
  Time since last request: 1.009533 seconds.
  path: Assets/Rooms/deadEndSRoom.prefab
  artifactKey: Guid(d7cec99ebf7f4b146a83674bd0a7cd0b) Importer(815301076,1909f56bfc062723c751e8b465ee728b)
Start importing Assets/Rooms/deadEndSRoom.prefab using Guid(d7cec99ebf7f4b146a83674bd0a7cd0b) Importer(815301076,1909f56bfc062723c751e8b465ee728b)  -> (artifact id: '4d601b638309ef355a0387dc93e96d4e') in 0.016861 seconds
Number of updated asset objects reloaded before import = 0
Number of asset objects unloaded after import = 52
========================================================================
Received Import Request.
  Time since last request: 0.983842 seconds.
  path: Assets/Rooms/deadEndSRoom.prefab
  artifactKey: Guid(d7cec99ebf7f4b146a83674bd0a7cd0b) Importer(815301076,1909f56bfc062723c751e8b465ee728b)
Start importing Assets/Rooms/deadEndSRoom.prefab using Guid(d7cec99ebf7f4b146a83674bd0a7cd0b) Importer(815301076,1909f56bfc062723c751e8b465ee728b)  -> (artifact id: '44d542b40e4ae4ca4dd25851e4dd015c') in 0.013017 seconds
Number of updated asset objects reloaded before import = 0
Number of asset objects unloaded after import = 52
========================================================================
Received Import Request.
  Time since last request: 1.814349 seconds.
  path: Assets/Rooms/deadEndSRoom.prefab
  artifactKey: Guid(d7cec99ebf7f4b146a83674bd0a7cd0b) Importer(815301076,1909f56bfc062723c751e8b465ee728b)
Start importing Assets/Rooms/deadEndSRoom.prefab using Guid(d7cec99ebf7f4b146a83674bd0a7cd0b) Importer(815301076,1909f56bfc062723c751e8b465ee728b)  -> (artifact id: '6a48053658aa4df1a95f6c3b565105c0') in 0.013581 seconds
Number of updated asset objects reloaded before import = 0
Number of asset objects unloaded after import = 52
========================================================================
Received Import Request.
  Time since last request: 7.020097 seconds.
  path: Assets/Rooms/deadEndSRoom.prefab
  artifactKey: Guid(d7cec99ebf7f4b146a83674bd0a7cd0b) Importer(815301076,1909f56bfc062723c751e8b465ee728b)
Start importing Assets/Rooms/deadEndSRoom.prefab using Guid(d7cec99ebf7f4b146a83674bd0a7cd0b) Importer(815301076,1909f56bfc062723c751e8b465ee728b)  -> (artifact id: 'd04071cf0e2b8a1eb5a4683a00cf9470') in 0.015620 seconds
Number of updated asset objects reloaded before import = 0
Number of asset objects unloaded after import = 52
========================================================================
Received Import Request.
  Time since last request: 2.199523 seconds.
  path: Assets/Rooms/deadEndSRoom.prefab
  artifactKey: Guid(d7cec99ebf7f4b146a83674bd0a7cd0b) Importer(815301076,1909f56bfc062723c751e8b465ee728b)
Start importing Assets/Rooms/deadEndSRoom.prefab using Guid(d7cec99ebf7f4b146a83674bd0a7cd0b) Importer(815301076,1909f56bfc062723c751e8b465ee728b)  -> (artifact id: 'fb98cf536a9c2d72d48a076bab57aa37') in 0.014582 seconds
Number of updated asset objects reloaded before import = 0
Number of asset objects unloaded after import = 52
========================================================================
Received Import Request.
  Time since last request: 7.841909 seconds.
  path: Assets/Rooms/deadEndSRoom.prefab
  artifactKey: Guid(d7cec99ebf7f4b146a83674bd0a7cd0b) Importer(815301076,1909f56bfc062723c751e8b465ee728b)
Start importing Assets/Rooms/deadEndSRoom.prefab using Guid(d7cec99ebf7f4b146a83674bd0a7cd0b) Importer(815301076,1909f56bfc062723c751e8b465ee728b)  -> (artifact id: '2f311f01c14cd8da8a974d91ddc6e5fa') in 0.019352 seconds
Number of updated asset objects reloaded before import = 0
Number of asset objects unloaded after import = 52
========================================================================
Received Import Request.
  Time since last request: 1.595035 seconds.
  path: Assets/Rooms/deadEndSRoom.prefab
  artifactKey: Guid(d7cec99ebf7f4b146a83674bd0a7cd0b) Importer(815301076,1909f56bfc062723c751e8b465ee728b)
Start importing Assets/Rooms/deadEndSRoom.prefab using Guid(d7cec99ebf7f4b146a83674bd0a7cd0b) Importer(815301076,1909f56bfc062723c751e8b465ee728b)  -> (artifact id: 'd54c8f02154fdf2d5e611a14deeca7d1') in 0.015868 seconds
Number of updated asset objects reloaded before import = 0
Number of asset objects unloaded after import = 52
========================================================================
Received Import Request.
  Time since last request: 9.657657 seconds.
  path: Assets/Rooms/deadEndSRoom.prefab
  artifactKey: Guid(d7cec99ebf7f4b146a83674bd0a7cd0b) Importer(815301076,1909f56bfc062723c751e8b465ee728b)
Start importing Assets/Rooms/deadEndSRoom.prefab using Guid(d7cec99ebf7f4b146a83674bd0a7cd0b) Importer(815301076,1909f56bfc062723c751e8b465ee728b)  -> (artifact id: '377452066d6f088139ae407ea60d881d') in 0.013414 seconds
Number of updated asset objects reloaded before import = 0
Number of asset objects unloaded after import = 52
========================================================================
Received Import Request.
  Time since last request: 4.612342 seconds.
  path: Assets/Rooms/deadEndSRoom.prefab
  artifactKey: Guid(d7cec99ebf7f4b146a83674bd0a7cd0b) Importer(815301076,1909f56bfc062723c751e8b465ee728b)
Start importing Assets/Rooms/deadEndSRoom.prefab using Guid(d7cec99ebf7f4b146a83674bd0a7cd0b) Importer(815301076,1909f56bfc062723c751e8b465ee728b)  -> (artifact id: '59e2b65afdbca1702cc1be92e88ffaba') in 0.013845 seconds
Number of updated asset objects reloaded before import = 0
Number of asset objects unloaded after import = 57
========================================================================
Received Import Request.
  Time since last request: 3.817657 seconds.
  path: Assets/Rooms/deadEndSRoom.prefab
  artifactKey: Guid(d7cec99ebf7f4b146a83674bd0a7cd0b) Importer(815301076,1909f56bfc062723c751e8b465ee728b)
Start importing Assets/Rooms/deadEndSRoom.prefab using Guid(d7cec99ebf7f4b146a83674bd0a7cd0b) Importer(815301076,1909f56bfc062723c751e8b465ee728b)  -> (artifact id: 'c176189255c4b3d104870f199f42dee9') in 0.014058 seconds
Number of updated asset objects reloaded before import = 0
Number of asset objects unloaded after import = 57
========================================================================
Received Import Request.
  Time since last request: 1.590650 seconds.
  path: Assets/Rooms/deadEndSRoom.prefab
  artifactKey: Guid(d7cec99ebf7f4b146a83674bd0a7cd0b) Importer(815301076,1909f56bfc062723c751e8b465ee728b)
Start importing Assets/Rooms/deadEndSRoom.prefab using Guid(d7cec99ebf7f4b146a83674bd0a7cd0b) Importer(815301076,1909f56bfc062723c751e8b465ee728b)  -> (artifact id: '863449572683887c185acafdb239cdd5') in 0.014207 seconds
Number of updated asset objects reloaded before import = 0
Number of asset objects unloaded after import = 62
========================================================================
Received Import Request.
  Time since last request: 1.402135 seconds.
  path: Assets/Rooms/deadEndSRoom.prefab
  artifactKey: Guid(d7cec99ebf7f4b146a83674bd0a7cd0b) Importer(815301076,1909f56bfc062723c751e8b465ee728b)
Start importing Assets/Rooms/deadEndSRoom.prefab using Guid(d7cec99ebf7f4b146a83674bd0a7cd0b) Importer(815301076,1909f56bfc062723c751e8b465ee728b)  -> (artifact id: 'a512d008d20e6598c67de2fd88d8d17c') in 0.006873 seconds
Number of updated asset objects reloaded before import = 0
Number of asset objects unloaded after import = 62
========================================================================
Received Import Request.
  Time since last request: 1.593971 seconds.
  path: Assets/Rooms/deadEndSRoom.prefab
  artifactKey: Guid(d7cec99ebf7f4b146a83674bd0a7cd0b) Importer(815301076,1909f56bfc062723c751e8b465ee728b)
Start importing Assets/Rooms/deadEndSRoom.prefab using Guid(d7cec99ebf7f4b146a83674bd0a7cd0b) Importer(815301076,1909f56bfc062723c751e8b465ee728b)  -> (artifact id: '7d32424d9f85a7863a3610bba75bcfa4') in 0.007119 seconds
Number of updated asset objects reloaded before import = 0
Number of asset objects unloaded after import = 67
========================================================================
Received Import Request.
  Time since last request: 1.408478 seconds.
  path: Assets/Rooms/deadEndSRoom.prefab
  artifactKey: Guid(d7cec99ebf7f4b146a83674bd0a7cd0b) Importer(815301076,1909f56bfc062723c751e8b465ee728b)
Start importing Assets/Rooms/deadEndSRoom.prefab using Guid(d7cec99ebf7f4b146a83674bd0a7cd0b) Importer(815301076,1909f56bfc062723c751e8b465ee728b)  -> (artifact id: '598a9d8e9cbc6435b94cacf5959b77dd') in 0.008157 seconds
Number of updated asset objects reloaded before import = 0
Number of asset objects unloaded after import = 67
========================================================================
Received Import Request.
  Time since last request: 5.413907 seconds.
  path: Assets/Rooms/deadEndSRoom.prefab
  artifactKey: Guid(d7cec99ebf7f4b146a83674bd0a7cd0b) Importer(815301076,1909f56bfc062723c751e8b465ee728b)
Start importing Assets/Rooms/deadEndSRoom.prefab using Guid(d7cec99ebf7f4b146a83674bd0a7cd0b) Importer(815301076,1909f56bfc062723c751e8b465ee728b)  -> (artifact id: '05727f44f0042da9f28cf3e5b4bdb92c') in 0.006990 seconds
Number of updated asset objects reloaded before import = 0
Number of asset objects unloaded after import = 67
========================================================================
Received Import Request.
  Time since last request: 5.435465 seconds.
  path: Assets/Rooms/deadEndSRoom.prefab
  artifactKey: Guid(d7cec99ebf7f4b146a83674bd0a7cd0b) Importer(815301076,1909f56bfc062723c751e8b465ee728b)
Start importing Assets/Rooms/deadEndSRoom.prefab using Guid(d7cec99ebf7f4b146a83674bd0a7cd0b) Importer(815301076,1909f56bfc062723c751e8b465ee728b)  -> (artifact id: '64571e9125ad3edd58556973b6999890') in 0.006919 seconds
Number of updated asset objects reloaded before import = 0
Number of asset objects unloaded after import = 72
========================================================================
Received Import Request.
  Time since last request: 1.606922 seconds.
  path: Assets/Rooms/deadEndSRoom.prefab
  artifactKey: Guid(d7cec99ebf7f4b146a83674bd0a7cd0b) Importer(815301076,1909f56bfc062723c751e8b465ee728b)
Start importing Assets/Rooms/deadEndSRoom.prefab using Guid(d7cec99ebf7f4b146a83674bd0a7cd0b) Importer(815301076,1909f56bfc062723c751e8b465ee728b)  -> (artifact id: '15a04ccdaa0dbc72ee51a44e9f42559f') in 0.011341 seconds
Number of updated asset objects reloaded before import = 0
Number of asset objects unloaded after import = 72
========================================================================
Received Import Request.
  Time since last request: 1.199568 seconds.
  path: Assets/Rooms/deadEndSRoom.prefab
  artifactKey: Guid(d7cec99ebf7f4b146a83674bd0a7cd0b) Importer(815301076,1909f56bfc062723c751e8b465ee728b)
Start importing Assets/Rooms/deadEndSRoom.prefab using Guid(d7cec99ebf7f4b146a83674bd0a7cd0b) Importer(815301076,1909f56bfc062723c751e8b465ee728b)  -> (artifact id: 'bcd9c002c44cff761dff45f09775adfc') in 0.015080 seconds
Number of updated asset objects reloaded before import = 0
Number of asset objects unloaded after import = 72
========================================================================
Received Import Request.
  Time since last request: 1.796062 seconds.
  path: Assets/Rooms/deadEndSRoom.prefab
  artifactKey: Guid(d7cec99ebf7f4b146a83674bd0a7cd0b) Importer(815301076,1909f56bfc062723c751e8b465ee728b)
Start importing Assets/Rooms/deadEndSRoom.prefab using Guid(d7cec99ebf7f4b146a83674bd0a7cd0b) Importer(815301076,1909f56bfc062723c751e8b465ee728b)  -> (artifact id: '1e9a360525809d54f41fda15b0ee23ae') in 0.014344 seconds
Number of updated asset objects reloaded before import = 0
Number of asset objects unloaded after import = 72
========================================================================
Received Import Request.
  Time since last request: 0.186410 seconds.
  path: Assets/Rooms/deadEndSRoom.prefab
  artifactKey: Guid(d7cec99ebf7f4b146a83674bd0a7cd0b) Importer(815301076,1909f56bfc062723c751e8b465ee728b)
Start importing Assets/Rooms/deadEndSRoom.prefab using Guid(d7cec99ebf7f4b146a83674bd0a7cd0b) Importer(815301076,1909f56bfc062723c751e8b465ee728b)  -> (artifact id: '83030afa8f58d631ed65e75bde190764') in 0.014643 seconds
Number of updated asset objects reloaded before import = 0
Number of asset objects unloaded after import = 72
========================================================================
Received Import Request.
  Time since last request: 0.595435 seconds.
  path: Assets/Rooms/deadEndSRoom.prefab
  artifactKey: Guid(d7cec99ebf7f4b146a83674bd0a7cd0b) Importer(815301076,1909f56bfc062723c751e8b465ee728b)
Start importing Assets/Rooms/deadEndSRoom.prefab using Guid(d7cec99ebf7f4b146a83674bd0a7cd0b) Importer(815301076,1909f56bfc062723c751e8b465ee728b)  -> (artifact id: 'e63a02736ecb73a9c1d465256fa9d7a1') in 0.015531 seconds
Number of updated asset objects reloaded before import = 0
Number of asset objects unloaded after import = 72
========================================================================
Received Import Request.
  Time since last request: 4.418924 seconds.
  path: Assets/Rooms/deadEndSRoom.prefab
  artifactKey: Guid(d7cec99ebf7f4b146a83674bd0a7cd0b) Importer(815301076,1909f56bfc062723c751e8b465ee728b)
Start importing Assets/Rooms/deadEndSRoom.prefab using Guid(d7cec99ebf7f4b146a83674bd0a7cd0b) Importer(815301076,1909f56bfc062723c751e8b465ee728b)  -> (artifact id: '2d8ad2bbbe5b0bdaefa61215bb6c721a') in 0.015550 seconds
Number of updated asset objects reloaded before import = 0
Number of asset objects unloaded after import = 72
========================================================================
Received Import Request.
  Time since last request: 2.810337 seconds.
  path: Assets/Rooms/deadEndSRoom.prefab
  artifactKey: Guid(d7cec99ebf7f4b146a83674bd0a7cd0b) Importer(815301076,1909f56bfc062723c751e8b465ee728b)
Start importing Assets/Rooms/deadEndSRoom.prefab using Guid(d7cec99ebf7f4b146a83674bd0a7cd0b) Importer(815301076,1909f56bfc062723c751e8b465ee728b)  -> (artifact id: '7503224a9b9463f117520331d6a0117e') in 0.014411 seconds
Number of updated asset objects reloaded before import = 0
Number of asset objects unloaded after import = 72
========================================================================
Received Import Request.
  Time since last request: 5.846429 seconds.
  path: Assets/Rooms/deadEndSRoom.prefab
  artifactKey: Guid(d7cec99ebf7f4b146a83674bd0a7cd0b) Importer(815301076,1909f56bfc062723c751e8b465ee728b)
Start importing Assets/Rooms/deadEndSRoom.prefab using Guid(d7cec99ebf7f4b146a83674bd0a7cd0b) Importer(815301076,1909f56bfc062723c751e8b465ee728b)  -> (artifact id: '1ee86adea02eab09dda32dc2b6c1c72b') in 0.007335 seconds
Number of updated asset objects reloaded before import = 0
Number of asset objects unloaded after import = 72
========================================================================
Received Import Request.
  Time since last request: 16.997378 seconds.
  path: Assets/Scripts
  artifactKey: Guid(7e39e9fd8bbed1c42ad087381b60da07) Importer(815301076,1909f56bfc062723c751e8b465ee728b)
Start importing Assets/Scripts using Guid(7e39e9fd8bbed1c42ad087381b60da07) Importer(815301076,1909f56bfc062723c751e8b465ee728b)  -> (artifact id: 'c432d15f07f08a4352bd1b4396805fa8') in 0.000518 seconds
Number of updated asset objects reloaded before import = 0
Number of asset objects unloaded after import = 0
========================================================================
Received Import Request.
  Time since last request: 9.352541 seconds.
  path: Assets/Scripts/RoomItemCreation.cs
  artifactKey: Guid(eee7f062fa6f44640a8851a4bad818d6) Importer(815301076,1909f56bfc062723c751e8b465ee728b)
Start importing Assets/Scripts/RoomItemCreation.cs using Guid(eee7f062fa6f44640a8851a4bad818d6) Importer(815301076,1909f56bfc062723c751e8b465ee728b)  -> (artifact id: '803e4e99ba2b6fce6b320ca80dc3cb9d') in 0.000647 seconds
Number of updated asset objects reloaded before import = 0
Number of asset objects unloaded after import = 0
========================================================================
Received Import Request.
  Time since last request: 34.765338 seconds.
  path: Assets/Scripts/RoomItemCreation.cs
  artifactKey: Guid(eee7f062fa6f44640a8851a4bad818d6) Importer(815301076,1909f56bfc062723c751e8b465ee728b)
Start importing Assets/Scripts/RoomItemCreation.cs using Guid(eee7f062fa6f44640a8851a4bad818d6) Importer(815301076,1909f56bfc062723c751e8b465ee728b)  -> (artifact id: 'f2fa08a89f8e0605fa95db5c114379ae') in 0.000827 seconds
Number of updated asset objects reloaded before import = 0
Number of asset objects unloaded after import = 0
========================================================================
Received Import Request.
  Time since last request: 224.557764 seconds.
  path: Assets/Scripts/RoomItemCreation.cs
  artifactKey: Guid(eee7f062fa6f44640a8851a4bad818d6) Importer(815301076,1909f56bfc062723c751e8b465ee728b)
Start importing Assets/Scripts/RoomItemCreation.cs using Guid(eee7f062fa6f44640a8851a4bad818d6) Importer(815301076,1909f56bfc062723c751e8b465ee728b)  -> (artifact id: '3328bb458227b80139f1b1a7890114e8') in 0.001747 seconds
Number of updated asset objects reloaded before import = 0
Number of asset objects unloaded after import = 0
========================================================================
Received Import Request.
  Time since last request: 412.114479 seconds.
  path: Assets/Scripts/RoomItemCreation.cs
  artifactKey: Guid(eee7f062fa6f44640a8851a4bad818d6) Importer(815301076,1909f56bfc062723c751e8b465ee728b)
Start importing Assets/Scripts/RoomItemCreation.cs using Guid(eee7f062fa6f44640a8851a4bad818d6) Importer(815301076,1909f56bfc062723c751e8b465ee728b)  -> (artifact id: '66a7ea1f805399ce24af673cc5f428ed') in 0.000975 seconds
Number of updated asset objects reloaded before import = 0
Number of asset objects unloaded after import = 0
========================================================================
Received Import Request.
  Time since last request: 351.248476 seconds.
  path: Assets/Scripts/RoomItemCreation.cs
  artifactKey: Guid(eee7f062fa6f44640a8851a4bad818d6) Importer(815301076,1909f56bfc062723c751e8b465ee728b)
Start importing Assets/Scripts/RoomItemCreation.cs using Guid(eee7f062fa6f44640a8851a4bad818d6) Importer(815301076,1909f56bfc062723c751e8b465ee728b)  -> (artifact id: 'b1352a662fb41b979ee694f0be7792fc') in 0.001124 seconds
Number of updated asset objects reloaded before import = 0
Number of asset objects unloaded after import = 0
