Using pre-set license
Built from '2023.1/staging' branch; Version is '2023.1.2f1 (e348e726afe7) revision 14895335'; Using compiler version '192829333'; Build Type 'Release'
OS: 'Windows 11  (10.0.22631) 64bit Professional' Language: 'en' Physical Memory: 32591 MB
BatchMode: 1, IsHumanControllingUs: 0, StartBugReporterOnCrash: 0, Is64bit: 1, IsPro: 1

COMMAND LINE ARGUMENTS:
A:\UnityEditor\Unity 2023.1.2f1\Editor\Unity.exe
-adb2
-batchMode
-noUpm
-name
AssetImportWorker2
-projectPath
E:/uni work/Unity/Procedural Dungeon Assignment/Procedural_dungeon/Procedural Dungeon
-logFile
Logs/AssetImportWorker2.log
-srvPort
56417
Successfully changed project path to: E:/uni work/Unity/Procedural Dungeon Assignment/Procedural_dungeon/Procedural Dungeon
E:/uni work/Unity/Procedural Dungeon Assignment/Procedural_dungeon/Procedural Dungeon
[UnityMemory] Configuration Parameters - Can be set up in boot.config
    "memorysetup-bucket-allocator-granularity=16"
    "memorysetup-bucket-allocator-bucket-count=8"
    "memorysetup-bucket-allocator-block-size=33554432"
    "memorysetup-bucket-allocator-block-count=8"
    "memorysetup-main-allocator-block-size=16777216"
    "memorysetup-thread-allocator-block-size=16777216"
    "memorysetup-gfx-main-allocator-block-size=16777216"
    "memorysetup-gfx-thread-allocator-block-size=16777216"
    "memorysetup-cache-allocator-block-size=4194304"
    "memorysetup-typetree-allocator-block-size=2097152"
    "memorysetup-profiler-bucket-allocator-granularity=16"
    "memorysetup-profiler-bucket-allocator-bucket-count=8"
    "memorysetup-profiler-bucket-allocator-block-size=33554432"
    "memorysetup-profiler-bucket-allocator-block-count=8"
    "memorysetup-profiler-allocator-block-size=16777216"
    "memorysetup-profiler-editor-allocator-block-size=1048576"
    "memorysetup-temp-allocator-size-main=16777216"
    "memorysetup-job-temp-allocator-block-size=2097152"
    "memorysetup-job-temp-allocator-block-size-background=1048576"
    "memorysetup-job-temp-allocator-reduction-small-platforms=262144"
    "memorysetup-allocator-temp-initial-block-size-main=262144"
    "memorysetup-allocator-temp-initial-block-size-worker=262144"
    "memorysetup-temp-allocator-size-background-worker=32768"
    "memorysetup-temp-allocator-size-job-worker=262144"
    "memorysetup-temp-allocator-size-preload-manager=33554432"
    "memorysetup-temp-allocator-size-nav-mesh-worker=65536"
    "memorysetup-temp-allocator-size-audio-worker=65536"
    "memorysetup-temp-allocator-size-cloud-worker=32768"
    "memorysetup-temp-allocator-size-gi-baking-worker=262144"
    "memorysetup-temp-allocator-size-gfx=262144"
Player connection [8680] Host "[IP] 192.168.6.48 [Port] 0 [Flags] 2 [Guid] 2556798905 [EditorId] 2556798905 [Version] 1048832 [Id] WindowsEditor(7,DESKTOP-LQLIM82) [Debug] 1 [PackageName] WindowsEditor [ProjectName] Editor" joined multi-casting on [225.0.0.222:54997]...

Player connection [8680] Host "[IP] 192.168.6.48 [Port] 0 [Flags] 2 [Guid] 2556798905 [EditorId] 2556798905 [Version] 1048832 [Id] WindowsEditor(7,DESKTOP-LQLIM82) [Debug] 1 [PackageName] WindowsEditor [ProjectName] Editor" joined alternative multi-casting on [225.0.0.222:34997]...

Library Redirect Path: Library/Refreshing native plugins compatible for Editor in 5.47 ms, found 3 plugins.
Preloading 0 native plugins for Editor in 0.00 ms.
Initialize engine version: 2023.1.2f1 (e348e726afe7)
[Subsystems] Discovering subsystems at path A:/UnityEditor/Unity 2023.1.2f1/Editor/Data/Resources/UnitySubsystems
[Subsystems] Discovering subsystems at path E:/uni work/Unity/Procedural Dungeon Assignment/Procedural_dungeon/Procedural Dungeon/Assets
GfxDevice: creating device client; threaded=0; jobified=0
Direct3D:
    Version:  Direct3D 11.0 [level 11.1]
    Renderer: NVIDIA GeForce RTX 4070 Ti (ID=0x2782)
    Vendor:   NVIDIA
    VRAM:     11996 MB
    Driver:   31.0.15.5212
Initialize mono
Mono path[0] = 'A:/UnityEditor/Unity 2023.1.2f1/Editor/Data/Managed'
Mono path[1] = 'A:/UnityEditor/Unity 2023.1.2f1/Editor/Data/MonoBleedingEdge/lib/mono/unityjit-win32'
Mono config path = 'A:/UnityEditor/Unity 2023.1.2f1/Editor/Data/MonoBleedingEdge/etc'
Using monoOptions --debugger-agent=transport=dt_socket,embedding=1,server=y,suspend=n,address=127.0.0.1:56684
Begin MonoManager ReloadAssembly
C:\build\output\Unity-Technologies\mono\mono\metadata\icall.c:1842:
C:\build\output\Unity-Technologies\mono\mono\metadata\icall.c:1842:
C:\build\output\Unity-Technologies\mono\mono\metadata\icall.c:1842:
C:\build\output\Unity-Technologies\mono\mono\metadata\icall.c:1842:
C:\build\output\Unity-Technologies\mono\mono\metadata\icall.c:1842:
C:\build\output\Unity-Technologies\mono\mono\metadata\icall.c:1842:
C:\build\output\Unity-Technologies\mono\mono\metadata\icall.c:1842:
C:\build\output\Unity-Technologies\mono\mono\metadata\icall.c:1842:
C:\build\output\Unity-Technologies\mono\mono\metadata\icall.c:1842:
C:\build\output\Unity-Technologies\mono\mono\metadata\icall.c:1842:
Registering precompiled unity dll's ...
Register platform support module: A:/UnityEditor/Unity 2023.1.2f1/Editor/Data/PlaybackEngines/WindowsStandaloneSupport/UnityEditor.WindowsStandalone.Extensions.dll
Register platform support module: A:/UnityEditor/Unity 2023.1.2f1/Editor/Data/PlaybackEngines/AndroidPlayer/UnityEditor.Android.Extensions.dll
Registered in 0.002156 seconds.
- Loaded All Assemblies, in  0.361 seconds
Native extension for Android target not found
Native extension for WindowsStandalone target not found
Mono: successfully reloaded assembly
C:\build\output\Unity-Technologies\mono\mono\metadata\icall.c:1842:
C:\build\output\Unity-Technologies\mono\mono\metadata\icall.c:1842:
- Finished resetting the current domain, in  0.298 seconds
Domain Reload Profiling: 659ms
	BeginReloadAssembly (120ms)
		ExecutionOrderSort (0ms)
		DisableScriptedObjects (0ms)
		BackupInstance (0ms)
		ReleaseScriptingObjects (0ms)
		CreateAndSetChildDomain (1ms)
	RebuildCommonClasses (31ms)
	RebuildNativeTypeToScriptingClass (10ms)
	initialDomainReloadingComplete (44ms)
	LoadAllAssembliesAndSetupDomain (155ms)
		LoadAssemblies (121ms)
		RebuildTransferFunctionScriptingTraits (0ms)
		AnalyzeDomain (151ms)
			TypeCache.Refresh (150ms)
				TypeCache.ScanAssembly (139ms)
			ScanForSourceGeneratedMonoScriptInfo (0ms)
			ResolveRequiredComponents (0ms)
	FinalizeReload (298ms)
		ReleaseScriptCaches (0ms)
		RebuildScriptCaches (0ms)
		SetupLoadedEditorAssemblies (260ms)
			LogAssemblyErrors (0ms)
			InitializePlatformSupportModulesInManaged (90ms)
			SetLoadedEditorAssemblies (3ms)
			BeforeProcessingInitializeOnLoad (6ms)
			ProcessInitializeOnLoadAttributes (114ms)
			ProcessInitializeOnLoadMethodAttributes (47ms)
			AfterProcessingInitializeOnLoad (0ms)
			EditorAssembliesLoaded (0ms)
		ExecutionOrderSort2 (0ms)
		AwakeInstancesAfterBackupRestoration (0ms)
========================================================================
Worker process is ready to serve import requests
Import Worker Mode flag is 0x00
Begin MonoManager ReloadAssembly
C:\build\output\Unity-Technologies\mono\mono\metadata\icall.c:1842:
C:\build\output\Unity-Technologies\mono\mono\metadata\icall.c:1842:
C:\build\output\Unity-Technologies\mono\mono\metadata\icall.c:1842:
C:\build\output\Unity-Technologies\mono\mono\metadata\icall.c:1842:
C:\build\output\Unity-Technologies\mono\mono\metadata\icall.c:1842:
C:\build\output\Unity-Technologies\mono\mono\metadata\icall.c:1842:
C:\build\output\Unity-Technologies\mono\mono\metadata\icall.c:1842:
C:\build\output\Unity-Technologies\mono\mono\metadata\icall.c:1842:
C:\build\output\Unity-Technologies\mono\mono\metadata\icall.c:1842:
C:\build\output\Unity-Technologies\mono\mono\metadata\icall.c:1842:
C:\build\output\Unity-Technologies\mono\mono\metadata\icall.c:1842:
C:\build\output\Unity-Technologies\mono\mono\metadata\icall.c:1842:
Symbol file LoadedFromMemory doesn't match image E:\uni work\Unity\Procedural Dungeon Assignment\Procedural_dungeon\Procedural Dungeon\Library\PackageCache\com.unity.visualscripting@1.8.0\Editor\VisualScripting.Core\Dependencies\YamlDotNet\Unity.VisualScripting.YamlDotNet.dll
Symbol file LoadedFromMemory doesn't match image E:\uni work\Unity\Procedural Dungeon Assignment\Procedural_dungeon\Procedural Dungeon\Library\PackageCache\com.unity.visualscripting@1.8.0\Editor\VisualScripting.Core\Dependencies\DotNetZip\Unity.VisualScripting.IonicZip.dll
- Loaded All Assemblies, in  0.802 seconds
Refreshing native plugins compatible for Editor in 1.22 ms, found 3 plugins.
Native extension for Android target not found
Native extension for WindowsStandalone target not found
Mono: successfully reloaded assembly
- Finished resetting the current domain, in  0.482 seconds
Domain Reload Profiling: 1285ms
	BeginReloadAssembly (318ms)
		ExecutionOrderSort (0ms)
		DisableScriptedObjects (4ms)
		BackupInstance (0ms)
		ReleaseScriptingObjects (0ms)
		CreateAndSetChildDomain (56ms)
	RebuildCommonClasses (38ms)
	RebuildNativeTypeToScriptingClass (10ms)
	initialDomainReloadingComplete (29ms)
	LoadAllAssembliesAndSetupDomain (409ms)
		LoadAssemblies (249ms)
		RebuildTransferFunctionScriptingTraits (0ms)
		AnalyzeDomain (253ms)
			TypeCache.Refresh (240ms)
				TypeCache.ScanAssembly (228ms)
			ScanForSourceGeneratedMonoScriptInfo (10ms)
			ResolveRequiredComponents (2ms)
	FinalizeReload (482ms)
		ReleaseScriptCaches (0ms)
		RebuildScriptCaches (0ms)
		SetupLoadedEditorAssemblies (296ms)
			LogAssemblyErrors (0ms)
			InitializePlatformSupportModulesInManaged (17ms)
			SetLoadedEditorAssemblies (3ms)
			BeforeProcessingInitializeOnLoad (51ms)
			ProcessInitializeOnLoadAttributes (205ms)
			ProcessInitializeOnLoadMethodAttributes (19ms)
			AfterProcessingInitializeOnLoad (1ms)
			EditorAssembliesLoaded (0ms)
		ExecutionOrderSort2 (0ms)
		AwakeInstancesAfterBackupRestoration (5ms)
Launched and connected shader compiler UnityShaderCompiler.exe after 0.01 seconds
Refreshing native plugins compatible for Editor in 1.91 ms, found 3 plugins.
Preloading 0 native plugins for Editor in 0.00 ms.
Unloading 3121 Unused Serialized files (Serialized files now loaded: 0)
Unloading 31 unused Assets / (53.0 KB). Loaded Objects now: 3680.
Memory consumption went from 134.2 MB to 134.1 MB.
Total: 4.910800 ms (FindLiveObjects: 0.370600 ms CreateObjectMapping: 0.468300 ms MarkObjects: 3.953400 ms  DeleteObjects: 0.117100 ms)

AssetImportParameters requested are different than current active one (requested -> active):
  custom:video-decoder-webm-vp8: 9c59270c3fd7afecdb556c50c9e8de78 -> 
  custom:audio-encoder-webm-vorbis: bf7c407c2cedff20999df2af8eb42d56 -> 
  custom:AudioImporter_EditorPlatform: d09bf68614088b80899f8185d706f6e7 -> 
  custom:audio-decoder-ogg-vorbis: bf7c407c2cedff20999df2af8eb42d56 -> 
  custom:video-encoder-webm-vp8: eb34c28f22e8b96e1ab97ce403110664 -> 
  custom:container-demuxer-ogg: 62fdf1f143b41e24485cea50d1cbac27 -> 
  custom:framework-win-MediaFoundation: 216162199b28c13a410421893ffa2e32 -> 
  custom:video-decoder-ogg-theora: a1e56fd34408186e4bbccfd4996cb3dc -> 
  custom:container-muxer-webm: aa71ff27fc2769a1b78a27578f13a17b -> 
  custom:CustomObjectIndexerAttribute: 756ad292c208cfabdd7b50bc23989ffe -> 
  custom:container-demuxer-webm: 4f35f7cbe854078d1ac9338744f61a02 -> 
========================================================================
Received Import Request.
  Time since last request: 37369.975361 seconds.
  path: Assets/Interior Asset/Source
  artifactKey: Guid(7f1d8a0f533da2245b27f6bdb76e4c64) Importer(815301076,1909f56bfc062723c751e8b465ee728b)
Start importing Assets/Interior Asset/Source using Guid(7f1d8a0f533da2245b27f6bdb76e4c64) Importer(815301076,1909f56bfc062723c751e8b465ee728b)  -> (artifact id: '90761d7bde8ae102a2ab686e4c10e50c') in 0.007323 seconds
Number of updated asset objects reloaded before import = 0
Number of asset objects unloaded after import = 0
========================================================================
Received Import Request.
  Time since last request: 3.782990 seconds.
  path: Assets/Interior Asset/Source/Pictures
  artifactKey: Guid(c3c582065da40d64fa0576594467e3ce) Importer(815301076,1909f56bfc062723c751e8b465ee728b)
Start importing Assets/Interior Asset/Source/Pictures using Guid(c3c582065da40d64fa0576594467e3ce) Importer(815301076,1909f56bfc062723c751e8b465ee728b)  -> (artifact id: 'fda26e094909d588616df48164f09580') in 0.000515 seconds
Number of updated asset objects reloaded before import = 0
Number of asset objects unloaded after import = 0
========================================================================
Received Import Request.
  Time since last request: 0.748482 seconds.
  path: Assets/Interior Asset/Source/Pictures/2
  artifactKey: Guid(d4425e0df25168e4d8bf59d0fdca4269) Importer(815301076,1909f56bfc062723c751e8b465ee728b)
Start importing Assets/Interior Asset/Source/Pictures/2 using Guid(d4425e0df25168e4d8bf59d0fdca4269) Importer(815301076,1909f56bfc062723c751e8b465ee728b)  -> (artifact id: '3031d916645e3b73d02c025abd618de2') in 0.000349 seconds
Number of updated asset objects reloaded before import = 0
Number of asset objects unloaded after import = 0
========================================================================
Received Import Request.
  Time since last request: 0.590007 seconds.
  path: Assets/Interior Asset/Source/Pictures/1
  artifactKey: Guid(77171aad28b9ad449be0a9e4b4e51f7f) Importer(815301076,1909f56bfc062723c751e8b465ee728b)
Start importing Assets/Interior Asset/Source/Pictures/1 using Guid(77171aad28b9ad449be0a9e4b4e51f7f) Importer(815301076,1909f56bfc062723c751e8b465ee728b)  -> (artifact id: '32b4c56b49de2cf2c7ece2325a7181ba') in 0.000321 seconds
Number of updated asset objects reloaded before import = 0
Number of asset objects unloaded after import = 0
========================================================================
Received Import Request.
  Time since last request: 0.087894 seconds.
  path: Assets/Interior Asset/Source/Pictures/1/picture.fbx
  artifactKey: Guid(00214ec25c3584247acda644e5c444c0) Importer(815301076,1909f56bfc062723c751e8b465ee728b)
Start importing Assets/Interior Asset/Source/Pictures/1/picture.fbx using Guid(00214ec25c3584247acda644e5c444c0) Importer(815301076,1909f56bfc062723c751e8b465ee728b)  -> (artifact id: 'bb0f1a4b5649a58054ae07481d4957ad') in 0.224858 seconds
Number of updated asset objects reloaded before import = 0
Number of asset objects unloaded after import = 11
========================================================================
Received Import Request.
  Time since last request: 225.256425 seconds.
  path: Assets/Rooms/deadEndSRoom.prefab
  artifactKey: Guid(d7cec99ebf7f4b146a83674bd0a7cd0b) Importer(815301076,1909f56bfc062723c751e8b465ee728b)
Start importing Assets/Rooms/deadEndSRoom.prefab using Guid(d7cec99ebf7f4b146a83674bd0a7cd0b) Importer(815301076,1909f56bfc062723c751e8b465ee728b)  -> (artifact id: '0ddca86557545d84b52625dd4ccf36a2') in 0.017803 seconds
Number of updated asset objects reloaded before import = 0
Number of asset objects unloaded after import = 91
========================================================================
Received Import Request.
  Time since last request: 5.275563 seconds.
  path: Assets/Rooms/Decoration
  artifactKey: Guid(28f3b7973334d944382a91e3fcebf40e) Importer(815301076,1909f56bfc062723c751e8b465ee728b)
Start importing Assets/Rooms/Decoration using Guid(28f3b7973334d944382a91e3fcebf40e) Importer(815301076,1909f56bfc062723c751e8b465ee728b)  -> (artifact id: 'e3a92166218a5b961943774356ddb319') in 0.000567 seconds
Number of updated asset objects reloaded before import = 0
Number of asset objects unloaded after import = 0
========================================================================
Received Import Request.
  Time since last request: 12.437883 seconds.
  path: Assets/Rooms/Decoration/1/Materials
  artifactKey: Guid(2da3d3be1a5b3814791884cf427d81c0) Importer(815301076,1909f56bfc062723c751e8b465ee728b)
Start importing Assets/Rooms/Decoration/1/Materials using Guid(2da3d3be1a5b3814791884cf427d81c0) Importer(815301076,1909f56bfc062723c751e8b465ee728b)  -> (artifact id: 'a1662fe95abab9682baaaf9a60a50590') in 0.000316 seconds
Number of updated asset objects reloaded before import = 0
Number of asset objects unloaded after import = 0
========================================================================
Received Import Request.
  Time since last request: 1.418629 seconds.
  path: Assets/Rooms/Decoration/1/Materials/No Name.mat
  artifactKey: Guid(dd059c2d3620b484fab1c11576918587) Importer(815301076,1909f56bfc062723c751e8b465ee728b)
Start importing Assets/Rooms/Decoration/1/Materials/No Name.mat using Guid(dd059c2d3620b484fab1c11576918587) Importer(815301076,1909f56bfc062723c751e8b465ee728b)  -> (artifact id: '4cddba4a3680b88ed8cf459aec3fb5f5') in 0.038174 seconds
Number of updated asset objects reloaded before import = 0
Number of asset objects unloaded after import = 4
========================================================================
Received Import Request.
  Time since last request: 0.000014 seconds.
  path: Assets/Rooms/Decoration/1/Materials/picture_DefaultMaterial_Normal.tga
  artifactKey: Guid(19b1d4eb85964ad40adbe56f095e2677) Importer(815301076,1909f56bfc062723c751e8b465ee728b)
Start importing Assets/Rooms/Decoration/1/Materials/picture_DefaultMaterial_Normal.tga using Guid(19b1d4eb85964ad40adbe56f095e2677) Importer(815301076,1909f56bfc062723c751e8b465ee728b)  -> (artifact id: '429d33f0967ef842a0c00c1db61b8faf') in 0.035869 seconds
Number of updated asset objects reloaded before import = 0
Number of asset objects unloaded after import = 2
========================================================================
Received Import Request.
  Time since last request: 9.450997 seconds.
  path: Assets/Rooms/Decoration/Painting
  artifactKey: Guid(77171aad28b9ad449be0a9e4b4e51f7f) Importer(815301076,1909f56bfc062723c751e8b465ee728b)
Start importing Assets/Rooms/Decoration/Painting using Guid(77171aad28b9ad449be0a9e4b4e51f7f) Importer(815301076,1909f56bfc062723c751e8b465ee728b)  -> (artifact id: '10594fc60d2ecf6595b428a4c2604cd5') in 0.000592 seconds
Number of updated asset objects reloaded before import = 0
Number of asset objects unloaded after import = 0
========================================================================
Received Import Request.
  Time since last request: 11.158989 seconds.
  path: Assets/Interior Asset/Source/Armchair/Armchair.fbx
  artifactKey: Guid(1286b4a733811134dbd33e14f6fe8ca1) Importer(815301076,1909f56bfc062723c751e8b465ee728b)
Start importing Assets/Interior Asset/Source/Armchair/Armchair.fbx using Guid(1286b4a733811134dbd33e14f6fe8ca1) Importer(815301076,1909f56bfc062723c751e8b465ee728b)  -> (artifact id: '30897625e637bff9a0e8068322e30a76') in 0.024714 seconds
Number of updated asset objects reloaded before import = 0
Number of asset objects unloaded after import = 11
========================================================================
Received Import Request.
  Time since last request: 40.478374 seconds.
  path: Assets/Interior Asset/Source/Pictures/2/picture.fbx
  artifactKey: Guid(bcbd094e08e49c44e8d2f8306dbf4007) Importer(815301076,1909f56bfc062723c751e8b465ee728b)
Start importing Assets/Interior Asset/Source/Pictures/2/picture.fbx using Guid(bcbd094e08e49c44e8d2f8306dbf4007) Importer(815301076,1909f56bfc062723c751e8b465ee728b)  -> (artifact id: 'f91070128bd61f6637680e8ed3e8017d') in 0.126085 seconds
Number of updated asset objects reloaded before import = 0
Number of asset objects unloaded after import = 11
========================================================================
Received Import Request.
  Time since last request: 3.132837 seconds.
  path: Assets/Interior Asset/Source/Shelf1/Shelf1.fbx
  artifactKey: Guid(fbb905d7d31b6bd4f8e4b7f7d31b17b3) Importer(815301076,1909f56bfc062723c751e8b465ee728b)
Start importing Assets/Interior Asset/Source/Shelf1/Shelf1.fbx using Guid(fbb905d7d31b6bd4f8e4b7f7d31b17b3) Importer(815301076,1909f56bfc062723c751e8b465ee728b)  -> (artifact id: '580886100471f5c7c673e4c7e4f3612a') in 0.014242 seconds
Number of updated asset objects reloaded before import = 0
Number of asset objects unloaded after import = 11
========================================================================
Received Import Request.
  Time since last request: 0.492874 seconds.
  path: Assets/Interior Asset/Source/Table/Table.fbx
  artifactKey: Guid(e274dd71b041d6e408c83336cc82256b) Importer(815301076,1909f56bfc062723c751e8b465ee728b)
Start importing Assets/Interior Asset/Source/Table/Table.fbx using Guid(e274dd71b041d6e408c83336cc82256b) Importer(815301076,1909f56bfc062723c751e8b465ee728b)  -> (artifact id: '9cef5c622174de93d05a33affde7705c') in 0.014636 seconds
Number of updated asset objects reloaded before import = 0
Number of asset objects unloaded after import = 11
========================================================================
Received Import Request.
  Time since last request: 18.059546 seconds.
  path: Assets/Interior Asset/Source/Books/1
  artifactKey: Guid(f814697d7a35e6b4da34fe0bae8ca6d0) Importer(815301076,1909f56bfc062723c751e8b465ee728b)
Start importing Assets/Interior Asset/Source/Books/1 using Guid(f814697d7a35e6b4da34fe0bae8ca6d0) Importer(815301076,1909f56bfc062723c751e8b465ee728b)  -> (artifact id: '175a0a2d2922be566fdc1949d04ec5e7') in 0.000370 seconds
Number of updated asset objects reloaded before import = 0
Number of asset objects unloaded after import = 0
========================================================================
Received Import Request.
  Time since last request: 0.091970 seconds.
  path: Assets/Interior Asset/Source/Books/1/Book.fbx
  artifactKey: Guid(bc1fd310dcc9a1741a5af827987b033d) Importer(815301076,1909f56bfc062723c751e8b465ee728b)
Start importing Assets/Interior Asset/Source/Books/1/Book.fbx using Guid(bc1fd310dcc9a1741a5af827987b033d) Importer(815301076,1909f56bfc062723c751e8b465ee728b)  -> (artifact id: '48b7538f8e74294eb81c0c52a0587f82') in 0.023071 seconds
Number of updated asset objects reloaded before import = 0
Number of asset objects unloaded after import = 12
========================================================================
Received Import Request.
  Time since last request: 4.204259 seconds.
  path: Assets/Interior Asset/Source/Books/2
  artifactKey: Guid(86ca68a99fce22644baab19705ba520c) Importer(815301076,1909f56bfc062723c751e8b465ee728b)
Start importing Assets/Interior Asset/Source/Books/2 using Guid(86ca68a99fce22644baab19705ba520c) Importer(815301076,1909f56bfc062723c751e8b465ee728b)  -> (artifact id: '9d4baa8e0d5545e8c1c480e51e1f0bb1') in 0.000408 seconds
Number of updated asset objects reloaded before import = 0
Number of asset objects unloaded after import = 0
========================================================================
Received Import Request.
  Time since last request: 0.030356 seconds.
  path: Assets/Interior Asset/Source/Books/2/Book.fbx
  artifactKey: Guid(ba19a4a4826dbb047b79f5fe26061e1b) Importer(815301076,1909f56bfc062723c751e8b465ee728b)
Start importing Assets/Interior Asset/Source/Books/2/Book.fbx using Guid(ba19a4a4826dbb047b79f5fe26061e1b) Importer(815301076,1909f56bfc062723c751e8b465ee728b)  -> (artifact id: '84cce9d729a7689db69751f5b0db305c') in 0.018750 seconds
Number of updated asset objects reloaded before import = 0
Number of asset objects unloaded after import = 12
========================================================================
Received Import Request.
  Time since last request: 1.209888 seconds.
  path: Assets/Interior Asset/Source/Books/3/Book.fbx
  artifactKey: Guid(7405d013b15855a45827cb6d0d2ede7b) Importer(815301076,1909f56bfc062723c751e8b465ee728b)
Start importing Assets/Interior Asset/Source/Books/3/Book.fbx using Guid(7405d013b15855a45827cb6d0d2ede7b) Importer(815301076,1909f56bfc062723c751e8b465ee728b)  -> (artifact id: '269c5d633124c5911eee2fd8d836c094') in 0.018262 seconds
Number of updated asset objects reloaded before import = 0
Number of asset objects unloaded after import = 12
========================================================================
Received Import Request.
  Time since last request: 92.323707 seconds.
  path: Assets/Interior Asset/Source/Shelf/Shelf.fbx
  artifactKey: Guid(688c7572e7f535a4182d169d021b1e03) Importer(815301076,1909f56bfc062723c751e8b465ee728b)
Start importing Assets/Interior Asset/Source/Shelf/Shelf.fbx using Guid(688c7572e7f535a4182d169d021b1e03) Importer(815301076,1909f56bfc062723c751e8b465ee728b)  -> (artifact id: '2909ff624e05d688ccf4cc146d704cda') in 0.023076 seconds
Number of updated asset objects reloaded before import = 0
Number of asset objects unloaded after import = 11
========================================================================
Received Import Request.
  Time since last request: 172.734674 seconds.
  path: Assets/Interior Asset/Source/InteriorPlant/Cactus
  artifactKey: Guid(c6bb31e9ec3578c4c95376f3e70eebf3) Importer(815301076,1909f56bfc062723c751e8b465ee728b)
Start importing Assets/Interior Asset/Source/InteriorPlant/Cactus using Guid(c6bb31e9ec3578c4c95376f3e70eebf3) Importer(815301076,1909f56bfc062723c751e8b465ee728b)  -> (artifact id: 'f65f1004613a3e20bdba54a6d90d62c9') in 0.000424 seconds
Number of updated asset objects reloaded before import = 0
Number of asset objects unloaded after import = 0
========================================================================
Received Import Request.
  Time since last request: 0.049276 seconds.
  path: Assets/Interior Asset/Source/InteriorPlant/Cactus/Cactus.fbx
  artifactKey: Guid(8122db9eec0d8d446b4d9a28de193a30) Importer(815301076,1909f56bfc062723c751e8b465ee728b)
Start importing Assets/Interior Asset/Source/InteriorPlant/Cactus/Cactus.fbx using Guid(8122db9eec0d8d446b4d9a28de193a30) Importer(815301076,1909f56bfc062723c751e8b465ee728b)  -> (artifact id: 'ab94045b919ce3beb339c65e8309ef87') in 0.024608 seconds
Number of updated asset objects reloaded before import = 0
Number of asset objects unloaded after import = 11
========================================================================
Received Import Request.
  Time since last request: 3.111399 seconds.
  path: Assets/Interior Asset/Source/InteriorPlant/Grass/Grass.fbx
  artifactKey: Guid(a9dac368b7013164c80b90e65f3ba55a) Importer(815301076,1909f56bfc062723c751e8b465ee728b)
Start importing Assets/Interior Asset/Source/InteriorPlant/Grass/Grass.fbx using Guid(a9dac368b7013164c80b90e65f3ba55a) Importer(815301076,1909f56bfc062723c751e8b465ee728b)  -> (artifact id: '3aac46ab23ec313f7397ba411cb8ae1e') in 0.115244 seconds
Number of updated asset objects reloaded before import = 0
Number of asset objects unloaded after import = 9
========================================================================
Received Import Request.
  Time since last request: 1.595493 seconds.
  path: Assets/Interior Asset/Source/InteriorPlant/Pot/Pot.fbx
  artifactKey: Guid(a2eee9005c521a742a1445bc0f7611b6) Importer(815301076,1909f56bfc062723c751e8b465ee728b)
Start importing Assets/Interior Asset/Source/InteriorPlant/Pot/Pot.fbx using Guid(a2eee9005c521a742a1445bc0f7611b6) Importer(815301076,1909f56bfc062723c751e8b465ee728b)  -> (artifact id: '51c772e1433635ee2c760b0b04315ba6') in 0.022829 seconds
Number of updated asset objects reloaded before import = 0
Number of asset objects unloaded after import = 12
========================================================================
Received Import Request.
  Time since last request: 207.414691 seconds.
  path: Assets/Flashlight/Flashlight_Gold/Flashlight.prefab
  artifactKey: Guid(d86ca2f4159e6a942abd8dfc52b38395) Importer(815301076,1909f56bfc062723c751e8b465ee728b)
Start importing Assets/Flashlight/Flashlight_Gold/Flashlight.prefab using Guid(d86ca2f4159e6a942abd8dfc52b38395) Importer(815301076,1909f56bfc062723c751e8b465ee728b)  -> (artifact id: 'a4c77beb30c325df12d306bdf0cb3d3e') in 0.668531 seconds
Number of updated asset objects reloaded before import = 2
Number of asset objects unloaded after import = 20
========================================================================
Received Import Request.
  Time since last request: 8.123383 seconds.
  path: Assets/Flashlight/Materials/FlashlightBaseMaterial.mat
  artifactKey: Guid(930adfdfdd9fafd469ffb427a452359d) Importer(815301076,1909f56bfc062723c751e8b465ee728b)
Start importing Assets/Flashlight/Materials/FlashlightBaseMaterial.mat using Guid(930adfdfdd9fafd469ffb427a452359d) Importer(815301076,1909f56bfc062723c751e8b465ee728b)  -> (artifact id: 'c81a8179f3afb3ee5100420b92b21683') in 0.016909 seconds
Number of updated asset objects reloaded before import = 0
Number of asset objects unloaded after import = 4
========================================================================
Received Import Request.
  Time since last request: 0.000017 seconds.
  path: Assets/Flashlight/Materials/FlashlightReflectorMaterial.mat
  artifactKey: Guid(0eb0f996ba805c34c9e5dc4df46deb6b) Importer(815301076,1909f56bfc062723c751e8b465ee728b)
Start importing Assets/Flashlight/Materials/FlashlightReflectorMaterial.mat using Guid(0eb0f996ba805c34c9e5dc4df46deb6b) Importer(815301076,1909f56bfc062723c751e8b465ee728b)  -> (artifact id: '33cc7bffc1155e54ae0d8349e71aac0d') in 0.007630 seconds
Number of updated asset objects reloaded before import = 0
Number of asset objects unloaded after import = 1
========================================================================
Received Import Request.
  Time since last request: 0.000181 seconds.
  path: Assets/Flashlight/Materials/Sky.mat
  artifactKey: Guid(408ca907d469b494bbeeb603ab9e8527) Importer(815301076,1909f56bfc062723c751e8b465ee728b)
Start importing Assets/Flashlight/Materials/Sky.mat using Guid(408ca907d469b494bbeeb603ab9e8527) Importer(815301076,1909f56bfc062723c751e8b465ee728b)  -> (artifact id: '3ca18d201545d47b711e428bd50e0d54') in 0.075647 seconds
Number of updated asset objects reloaded before import = 0
Number of asset objects unloaded after import = 1
========================================================================
Received Import Request.
  Time since last request: 0.625080 seconds.
  path: Assets/Flashlight/Model/Flashlight.prefab
  artifactKey: Guid(b694b8ec5c41f6247843a2b67222fda6) Importer(815301076,1909f56bfc062723c751e8b465ee728b)
Start importing Assets/Flashlight/Model/Flashlight.prefab using Guid(b694b8ec5c41f6247843a2b67222fda6) Importer(815301076,1909f56bfc062723c751e8b465ee728b)  -> (artifact id: 'a133bba37b2d9d87a1870606f3b30ce2') in 0.018733 seconds
Number of updated asset objects reloaded before import = 0
Number of asset objects unloaded after import = 16
========================================================================
Received Import Request.
  Time since last request: 23.461185 seconds.
  path: Assets/Doors/Prefabs/door_frame.prefab
  artifactKey: Guid(e5860c25af9af8b49bd5df070e4c9ce9) Importer(815301076,1909f56bfc062723c751e8b465ee728b)
Start importing Assets/Doors/Prefabs/door_frame.prefab using Guid(e5860c25af9af8b49bd5df070e4c9ce9) Importer(815301076,1909f56bfc062723c751e8b465ee728b)  -> (artifact id: '9cbbe56303ce0b1b8b6d9db25bc9022d') in 0.082741 seconds
Number of updated asset objects reloaded before import = 0
Number of asset objects unloaded after import = 9
